<?xml version="1.0" encoding="UTF-8"?>
<testsuite name="com.sangjin.book.springboot.web.HelloControllerTest" tests="2" skipped="0" failures="0" errors="0" timestamp="2022-06-03T02:29:23" hostname="PCNC1" time="1.241">
  <properties/>
  <testcase name="hello가_리턴된다" classname="com.sangjin.book.springboot.web.HelloControllerTest" time="1.064"/>
  <testcase name="helloDto가_리턴된다" classname="com.sangjin.book.springboot.web.HelloControllerTest" time="0.176"/>
  <system-out><![CDATA[11:29:15.890 [Test worker] DEBUG org.springframework.test.context.junit4.SpringJUnit4ClassRunner - SpringJUnit4ClassRunner constructor called with [class com.sangjin.book.springboot.web.HelloControllerTest]
11:29:15.921 [Test worker] DEBUG org.springframework.test.context.BootstrapUtils - Instantiating CacheAwareContextLoaderDelegate from class [org.springframework.test.context.cache.DefaultCacheAwareContextLoaderDelegate]
11:29:15.953 [Test worker] DEBUG org.springframework.test.context.BootstrapUtils - Instantiating BootstrapContext using constructor [public org.springframework.test.context.support.DefaultBootstrapContext(java.lang.Class,org.springframework.test.context.CacheAwareContextLoaderDelegate)]
11:29:15.984 [Test worker] DEBUG org.springframework.test.context.BootstrapUtils - Instantiating TestContextBootstrapper for test class [com.sangjin.book.springboot.web.HelloControllerTest] from class [org.springframework.boot.test.autoconfigure.web.servlet.WebMvcTestContextBootstrapper]
11:29:16.046 [Test worker] INFO org.springframework.boot.test.autoconfigure.web.servlet.WebMvcTestContextBootstrapper - Neither @ContextConfiguration nor @ContextHierarchy found for test class [com.sangjin.book.springboot.web.HelloControllerTest], using SpringBootContextLoader
11:29:16.046 [Test worker] DEBUG org.springframework.test.context.support.AbstractContextLoader - Did not detect default resource location for test class [com.sangjin.book.springboot.web.HelloControllerTest]: class path resource [com/sangjin/book/springboot/web/HelloControllerTest-context.xml] does not exist
11:29:16.046 [Test worker] DEBUG org.springframework.test.context.support.AbstractContextLoader - Did not detect default resource location for test class [com.sangjin.book.springboot.web.HelloControllerTest]: class path resource [com/sangjin/book/springboot/web/HelloControllerTestContext.groovy] does not exist
11:29:16.046 [Test worker] INFO org.springframework.test.context.support.AbstractContextLoader - Could not detect default resource locations for test class [com.sangjin.book.springboot.web.HelloControllerTest]: no resource found for suffixes {-context.xml, Context.groovy}.
11:29:16.046 [Test worker] INFO org.springframework.test.context.support.AnnotationConfigContextLoaderUtils - Could not detect default configuration classes for test class [com.sangjin.book.springboot.web.HelloControllerTest]: HelloControllerTest does not declare any static, non-private, non-final, nested classes annotated with @Configuration.
11:29:16.203 [Test worker] DEBUG org.springframework.test.context.support.ActiveProfilesUtils - Could not find an 'annotation declaring class' for annotation type [org.springframework.test.context.ActiveProfiles] and class [com.sangjin.book.springboot.web.HelloControllerTest]
11:29:16.390 [Test worker] DEBUG org.springframework.context.annotation.ClassPathScanningCandidateComponentProvider - Identified candidate component class: file [C:\Users\kims\freelec-springboot2-webservice\build\classes\java\main\com\sangjin\book\springboot\Application.class]
11:29:16.406 [Test worker] INFO org.springframework.boot.test.context.SpringBootTestContextBootstrapper - Found @SpringBootConfiguration com.sangjin.book.springboot.Application for test class com.sangjin.book.springboot.web.HelloControllerTest
11:29:16.406 [Test worker] DEBUG org.springframework.boot.test.autoconfigure.web.servlet.WebMvcTestContextBootstrapper - @TestExecutionListeners is not present for class [com.sangjin.book.springboot.web.HelloControllerTest]: using defaults.
11:29:16.406 [Test worker] INFO org.springframework.boot.test.autoconfigure.web.servlet.WebMvcTestContextBootstrapper - Loaded default TestExecutionListener class names from location [META-INF/spring.factories]: [org.springframework.security.test.context.support.WithSecurityContextTestExecutionListener, org.springframework.security.test.context.support.ReactorContextTestExecutionListener, org.springframework.boot.test.autoconfigure.restdocs.RestDocsTestExecutionListener, org.springframework.boot.test.autoconfigure.web.client.MockRestServiceServerResetTestExecutionListener, org.springframework.boot.test.autoconfigure.web.servlet.MockMvcPrintOnlyOnFailureTestExecutionListener, org.springframework.boot.test.autoconfigure.web.servlet.WebDriverTestExecutionListener, org.springframework.boot.test.mock.mockito.MockitoTestExecutionListener, org.springframework.boot.test.mock.mockito.ResetMocksTestExecutionListener, org.springframework.test.context.web.ServletTestExecutionListener, org.springframework.test.context.support.DirtiesContextBeforeModesTestExecutionListener, org.springframework.test.context.support.DependencyInjectionTestExecutionListener, org.springframework.test.context.support.DirtiesContextTestExecutionListener, org.springframework.test.context.transaction.TransactionalTestExecutionListener, org.springframework.test.context.jdbc.SqlScriptsTestExecutionListener]
11:29:16.468 [Test worker] INFO org.springframework.boot.test.autoconfigure.web.servlet.WebMvcTestContextBootstrapper - Using TestExecutionListeners: [org.springframework.test.context.web.ServletTestExecutionListener@751ea2ac, org.springframework.test.context.support.DirtiesContextBeforeModesTestExecutionListener@344dcc29, org.springframework.boot.test.mock.mockito.MockitoTestExecutionListener@66b1bfa8, org.springframework.boot.test.autoconfigure.SpringBootDependencyInjectionTestExecutionListener@533de5d7, org.springframework.test.context.support.DirtiesContextTestExecutionListener@53b626de, org.springframework.test.context.transaction.TransactionalTestExecutionListener@9c09405, org.springframework.test.context.jdbc.SqlScriptsTestExecutionListener@6267366a, org.springframework.security.test.context.support.WithSecurityContextTestExecutionListener@5ec874ac, org.springframework.security.test.context.support.ReactorContextTestExecutionListener@3c2a397d, org.springframework.boot.test.autoconfigure.restdocs.RestDocsTestExecutionListener@31c7f241, org.springframework.boot.test.autoconfigure.web.client.MockRestServiceServerResetTestExecutionListener@6a484675, org.springframework.boot.test.autoconfigure.web.servlet.MockMvcPrintOnlyOnFailureTestExecutionListener@77b83284, org.springframework.boot.test.autoconfigure.web.servlet.WebDriverTestExecutionListener@1ab41cdf, org.springframework.boot.test.mock.mockito.ResetMocksTestExecutionListener@14efb032]
11:29:16.484 [Test worker] DEBUG org.springframework.test.annotation.ProfileValueUtils - Retrieved @ProfileValueSourceConfiguration [null] for test class [com.sangjin.book.springboot.web.HelloControllerTest]
11:29:16.484 [Test worker] DEBUG org.springframework.test.annotation.ProfileValueUtils - Retrieved ProfileValueSource type [class org.springframework.test.annotation.SystemProfileValueSource] for class [com.sangjin.book.springboot.web.HelloControllerTest]
11:29:16.484 [Test worker] DEBUG org.springframework.test.annotation.ProfileValueUtils - Retrieved @ProfileValueSourceConfiguration [null] for test class [com.sangjin.book.springboot.web.HelloControllerTest]
11:29:16.484 [Test worker] DEBUG org.springframework.test.annotation.ProfileValueUtils - Retrieved ProfileValueSource type [class org.springframework.test.annotation.SystemProfileValueSource] for class [com.sangjin.book.springboot.web.HelloControllerTest]
11:29:16.500 [Test worker] DEBUG org.springframework.test.context.support.AbstractDirtiesContextTestExecutionListener - Before test class: context [DefaultTestContext@176f974d testClass = HelloControllerTest, testInstance = [null], testMethod = [null], testException = [null], mergedContextConfiguration = [WebMergedContextConfiguration@2747e913 testClass = HelloControllerTest, locations = '{}', classes = '{class com.sangjin.book.springboot.Application}', contextInitializerClasses = '[]', activeProfiles = '{}', propertySourceLocations = '{}', propertySourceProperties = '{org.springframework.boot.test.autoconfigure.web.servlet.WebMvcTestContextBootstrapper=true}', contextCustomizers = set[org.springframework.boot.test.autoconfigure.OverrideAutoConfigurationContextCustomizerFactory$DisableAutoConfigurationContextCustomizer@41a7a3d3, org.springframework.boot.test.autoconfigure.filter.TypeExcludeFiltersContextCustomizer@657dddda, org.springframework.boot.test.autoconfigure.properties.PropertyMappingContextCustomizer@d767958a, org.springframework.boot.test.autoconfigure.web.servlet.WebDriverContextCustomizerFactory$Customizer@77a6b95e, [ImportsContextCustomizer@14c9eba5 key = [org.springframework.boot.autoconfigure.cache.CacheAutoConfiguration, org.springframework.boot.autoconfigure.context.MessageSourceAutoConfiguration, org.springframework.boot.autoconfigure.data.web.SpringDataWebAutoConfiguration, org.springframework.boot.autoconfigure.freemarker.FreeMarkerAutoConfiguration, org.springframework.boot.autoconfigure.groovy.template.GroovyTemplateAutoConfiguration, org.springframework.boot.autoconfigure.gson.GsonAutoConfiguration, org.springframework.boot.autoconfigure.hateoas.HypermediaAutoConfiguration, org.springframework.boot.autoconfigure.http.HttpMessageConvertersAutoConfiguration, org.springframework.boot.autoconfigure.jackson.JacksonAutoConfiguration, org.springframework.boot.autoconfigure.jsonb.JsonbAutoConfiguration, org.springframework.boot.autoconfigure.mustache.MustacheAutoConfiguration, org.springframework.boot.autoconfigure.task.TaskExecutionAutoConfiguration, org.springframework.boot.autoconfigure.thymeleaf.ThymeleafAutoConfiguration, org.springframework.boot.autoconfigure.validation.ValidationAutoConfiguration, org.springframework.boot.autoconfigure.web.servlet.error.ErrorMvcAutoConfiguration, org.springframework.boot.autoconfigure.web.servlet.WebMvcAutoConfiguration, org.springframework.boot.test.autoconfigure.web.servlet.MockMvcAutoConfiguration, org.springframework.boot.test.autoconfigure.web.servlet.MockMvcSecurityAutoConfiguration, org.springframework.boot.test.autoconfigure.web.servlet.MockMvcWebClientAutoConfiguration, org.springframework.boot.test.autoconfigure.web.servlet.MockMvcWebDriverAutoConfiguration]], org.springframework.boot.test.context.filter.ExcludeFilterContextCustomizer@56d8515f, org.springframework.boot.test.json.DuplicateJsonObjectContextCustomizerFactory$DuplicateJsonObjectContextCustomizer@1f077ad2, org.springframework.boot.test.mock.mockito.MockitoContextCustomizer@0], resourceBasePath = 'src/main/webapp', contextLoader = 'org.springframework.boot.test.context.SpringBootContextLoader', parent = [null]], attributes = map[[empty]]], class annotated with @DirtiesContext [false] with mode [null].
11:29:16.500 [Test worker] DEBUG org.springframework.test.annotation.ProfileValueUtils - Retrieved @ProfileValueSourceConfiguration [null] for test class [com.sangjin.book.springboot.web.HelloControllerTest]
11:29:16.500 [Test worker] DEBUG org.springframework.test.annotation.ProfileValueUtils - Retrieved ProfileValueSource type [class org.springframework.test.annotation.SystemProfileValueSource] for class [com.sangjin.book.springboot.web.HelloControllerTest]
11:29:16.515 [Test worker] DEBUG org.springframework.test.context.support.DependencyInjectionTestExecutionListener - Performing dependency injection for test context [[DefaultTestContext@176f974d testClass = HelloControllerTest, testInstance = com.sangjin.book.springboot.web.HelloControllerTest@3f97bb67, testMethod = [null], testException = [null], mergedContextConfiguration = [WebMergedContextConfiguration@2747e913 testClass = HelloControllerTest, locations = '{}', classes = '{class com.sangjin.book.springboot.Application}', contextInitializerClasses = '[]', activeProfiles = '{}', propertySourceLocations = '{}', propertySourceProperties = '{org.springframework.boot.test.autoconfigure.web.servlet.WebMvcTestContextBootstrapper=true}', contextCustomizers = set[org.springframework.boot.test.autoconfigure.OverrideAutoConfigurationContextCustomizerFactory$DisableAutoConfigurationContextCustomizer@41a7a3d3, org.springframework.boot.test.autoconfigure.filter.TypeExcludeFiltersContextCustomizer@657dddda, org.springframework.boot.test.autoconfigure.properties.PropertyMappingContextCustomizer@d767958a, org.springframework.boot.test.autoconfigure.web.servlet.WebDriverContextCustomizerFactory$Customizer@77a6b95e, [ImportsContextCustomizer@14c9eba5 key = [org.springframework.boot.autoconfigure.cache.CacheAutoConfiguration, org.springframework.boot.autoconfigure.context.MessageSourceAutoConfiguration, org.springframework.boot.autoconfigure.data.web.SpringDataWebAutoConfiguration, org.springframework.boot.autoconfigure.freemarker.FreeMarkerAutoConfiguration, org.springframework.boot.autoconfigure.groovy.template.GroovyTemplateAutoConfiguration, org.springframework.boot.autoconfigure.gson.GsonAutoConfiguration, org.springframework.boot.autoconfigure.hateoas.HypermediaAutoConfiguration, org.springframework.boot.autoconfigure.http.HttpMessageConvertersAutoConfiguration, org.springframework.boot.autoconfigure.jackson.JacksonAutoConfiguration, org.springframework.boot.autoconfigure.jsonb.JsonbAutoConfiguration, org.springframework.boot.autoconfigure.mustache.MustacheAutoConfiguration, org.springframework.boot.autoconfigure.task.TaskExecutionAutoConfiguration, org.springframework.boot.autoconfigure.thymeleaf.ThymeleafAutoConfiguration, org.springframework.boot.autoconfigure.validation.ValidationAutoConfiguration, org.springframework.boot.autoconfigure.web.servlet.error.ErrorMvcAutoConfiguration, org.springframework.boot.autoconfigure.web.servlet.WebMvcAutoConfiguration, org.springframework.boot.test.autoconfigure.web.servlet.MockMvcAutoConfiguration, org.springframework.boot.test.autoconfigure.web.servlet.MockMvcSecurityAutoConfiguration, org.springframework.boot.test.autoconfigure.web.servlet.MockMvcWebClientAutoConfiguration, org.springframework.boot.test.autoconfigure.web.servlet.MockMvcWebDriverAutoConfiguration]], org.springframework.boot.test.context.filter.ExcludeFilterContextCustomizer@56d8515f, org.springframework.boot.test.json.DuplicateJsonObjectContextCustomizerFactory$DuplicateJsonObjectContextCustomizer@1f077ad2, org.springframework.boot.test.mock.mockito.MockitoContextCustomizer@0], resourceBasePath = 'src/main/webapp', contextLoader = 'org.springframework.boot.test.context.SpringBootContextLoader', parent = [null]], attributes = map[[empty]]]].
11:29:16.859 [Test worker] DEBUG org.springframework.test.context.support.TestPropertySourceUtils - Adding inlined properties to environment: {spring.jmx.enabled=false, org.springframework.boot.test.autoconfigure.web.servlet.WebMvcTestContextBootstrapper=true, server.port=-1}

  .   ____          _            __ _ _
 /\\ / ___'_ __ _ _(_)_ __  __ _ \ \ \ \
( ( )\___ | '_ | '_| | '_ \/ _` | \ \ \ \
 \\/  ___)| |_)| | | | | || (_| |  ) ) ) )
  '  |____| .__|_| |_|_| |_\__, | / / / /
 =========|_|==============|___/=/_/_/_/
 :: Spring Boot ::        (v2.1.9.RELEASE)

2022-06-03 11:29:17.763  INFO 17156 --- [    Test worker] c.s.b.s.web.HelloControllerTest          : Starting HelloControllerTest on PCNC1 with PID 17156 (started by kims in C:\Users\kims\freelec-springboot2-webservice)
2022-06-03 11:29:17.763  INFO 17156 --- [    Test worker] c.s.b.s.web.HelloControllerTest          : No active profile set, falling back to default profiles: default
2022-06-03 11:29:21.621  INFO 17156 --- [    Test worker] o.s.s.concurrent.ThreadPoolTaskExecutor  : Initializing ExecutorService 'applicationTaskExecutor'
2022-06-03 11:29:21.871  INFO 17156 --- [    Test worker] o.s.b.a.w.s.WelcomePageHandlerMapping    : Adding welcome page template: index
2022-06-03 11:29:22.761  INFO 17156 --- [    Test worker] .s.s.UserDetailsServiceAutoConfiguration : 

Using generated security password: cb087c45-df9d-41c2-a0a3-88deea68d6d8

2022-06-03 11:29:23.465  INFO 17156 --- [    Test worker] o.s.s.web.DefaultSecurityFilterChain     : Creating filter chain: any request, [org.springframework.security.web.context.request.async.WebAsyncManagerIntegrationFilter@2ce23dd4, org.springframework.security.web.context.SecurityContextPersistenceFilter@cc22e23, org.springframework.security.web.header.HeaderWriterFilter@64134040, org.springframework.security.web.csrf.CsrfFilter@7d7fcfb3, org.springframework.security.web.authentication.logout.LogoutFilter@578a6112, org.springframework.security.web.authentication.UsernamePasswordAuthenticationFilter@bba6b79, org.springframework.security.web.authentication.ui.DefaultLoginPageGeneratingFilter@72b6061e, org.springframework.security.web.authentication.ui.DefaultLogoutPageGeneratingFilter@63bbfe06, org.springframework.security.web.authentication.www.BasicAuthenticationFilter@53827227, org.springframework.security.web.savedrequest.RequestCacheAwareFilter@6067f387, org.springframework.security.web.servletapi.SecurityContextHolderAwareRequestFilter@4165ef03, org.springframework.security.web.authentication.AnonymousAuthenticationFilter@76da68ae, org.springframework.security.web.session.SessionManagementFilter@3c7ed67c, org.springframework.security.web.access.ExceptionTranslationFilter@670e4f74, org.springframework.security.web.access.intercept.FilterSecurityInterceptor@24ba6aac]
2022-06-03 11:29:23.605  INFO 17156 --- [    Test worker] o.s.b.t.m.w.SpringBootMockServletContext : Initializing Spring TestDispatcherServlet ''
2022-06-03 11:29:23.605  INFO 17156 --- [    Test worker] o.s.t.web.servlet.TestDispatcherServlet  : Initializing Servlet ''
2022-06-03 11:29:23.652  INFO 17156 --- [    Test worker] o.s.t.web.servlet.TestDispatcherServlet  : Completed initialization in 47 ms
2022-06-03 11:29:23.777  INFO 17156 --- [    Test worker] c.s.b.s.web.HelloControllerTest          : Started HelloControllerTest in 6.887 seconds (JVM running for 10.258)
]]></system-out>
  <system-err><![CDATA[]]></system-err>
</testsuite>
