<?xml version="1.0" encoding="UTF-8"?>
<testsuite name="com.sangjin.book.springboot.web.IndexControllerTest" tests="1" skipped="0" failures="0" errors="0" timestamp="2022-06-03T02:29:42" hostname="PCNC1" time="0.351">
  <properties/>
  <testcase name="메인페이지_로딩" classname="com.sangjin.book.springboot.web.IndexControllerTest" time="0.351"/>
  <system-out><![CDATA[2022-06-03 11:29:36.835  INFO 17156 --- [    Test worker] .b.t.c.SpringBootTestContextBootstrapper : Neither @ContextConfiguration nor @ContextHierarchy found for test class [com.sangjin.book.springboot.web.IndexControllerTest], using SpringBootContextLoader
2022-06-03 11:29:36.850  INFO 17156 --- [    Test worker] o.s.t.c.support.AbstractContextLoader    : Could not detect default resource locations for test class [com.sangjin.book.springboot.web.IndexControllerTest]: no resource found for suffixes {-context.xml, Context.groovy}.
2022-06-03 11:29:36.850  INFO 17156 --- [    Test worker] t.c.s.AnnotationConfigContextLoaderUtils : Could not detect default configuration classes for test class [com.sangjin.book.springboot.web.IndexControllerTest]: IndexControllerTest does not declare any static, non-private, non-final, nested classes annotated with @Configuration.
2022-06-03 11:29:36.850  INFO 17156 --- [    Test worker] .b.t.c.SpringBootTestContextBootstrapper : Found @SpringBootConfiguration com.sangjin.book.springboot.Application for test class com.sangjin.book.springboot.web.IndexControllerTest
2022-06-03 11:29:36.850  INFO 17156 --- [    Test worker] .b.t.c.SpringBootTestContextBootstrapper : Loaded default TestExecutionListener class names from location [META-INF/spring.factories]: [org.springframework.security.test.context.support.WithSecurityContextTestExecutionListener, org.springframework.security.test.context.support.ReactorContextTestExecutionListener, org.springframework.boot.test.autoconfigure.restdocs.RestDocsTestExecutionListener, org.springframework.boot.test.autoconfigure.web.client.MockRestServiceServerResetTestExecutionListener, org.springframework.boot.test.autoconfigure.web.servlet.MockMvcPrintOnlyOnFailureTestExecutionListener, org.springframework.boot.test.autoconfigure.web.servlet.WebDriverTestExecutionListener, org.springframework.boot.test.mock.mockito.MockitoTestExecutionListener, org.springframework.boot.test.mock.mockito.ResetMocksTestExecutionListener, org.springframework.test.context.web.ServletTestExecutionListener, org.springframework.test.context.support.DirtiesContextBeforeModesTestExecutionListener, org.springframework.test.context.support.DependencyInjectionTestExecutionListener, org.springframework.test.context.support.DirtiesContextTestExecutionListener, org.springframework.test.context.transaction.TransactionalTestExecutionListener, org.springframework.test.context.jdbc.SqlScriptsTestExecutionListener]
2022-06-03 11:29:36.850  INFO 17156 --- [    Test worker] .b.t.c.SpringBootTestContextBootstrapper : Using TestExecutionListeners: [org.springframework.test.context.web.ServletTestExecutionListener@736d451d, org.springframework.test.context.support.DirtiesContextBeforeModesTestExecutionListener@7fc2fddb, org.springframework.boot.test.mock.mockito.MockitoTestExecutionListener@6d3f8630, org.springframework.boot.test.autoconfigure.SpringBootDependencyInjectionTestExecutionListener@eb72431, org.springframework.test.context.support.DirtiesContextTestExecutionListener@176bdd57, org.springframework.test.context.transaction.TransactionalTestExecutionListener@7fafd644, org.springframework.test.context.jdbc.SqlScriptsTestExecutionListener@6eb0c187, org.springframework.security.test.context.support.WithSecurityContextTestExecutionListener@5911e6cc, org.springframework.security.test.context.support.ReactorContextTestExecutionListener@10d919dc, org.springframework.boot.test.autoconfigure.restdocs.RestDocsTestExecutionListener@1145e075, org.springframework.boot.test.autoconfigure.web.client.MockRestServiceServerResetTestExecutionListener@7991a723, org.springframework.boot.test.autoconfigure.web.servlet.MockMvcPrintOnlyOnFailureTestExecutionListener@2fe0095b, org.springframework.boot.test.autoconfigure.web.servlet.WebDriverTestExecutionListener@77afe282, org.springframework.boot.test.mock.mockito.ResetMocksTestExecutionListener@49d7e24a]

  .   ____          _            __ _ _
 /\\ / ___'_ __ _ _(_)_ __  __ _ \ \ \ \
( ( )\___ | '_ | '_| | '_ \/ _` | \ \ \ \
 \\/  ___)| |_)| | | | | || (_| |  ) ) ) )
  '  |____| .__|_| |_|_| |_\__, | / / / /
 =========|_|==============|___/=/_/_/_/
 :: Spring Boot ::        (v2.1.9.RELEASE)

2022-06-03 11:29:36.960  INFO 17156 --- [    Test worker] c.s.b.s.web.IndexControllerTest          : Starting IndexControllerTest on PCNC1 with PID 17156 (started by kims in C:\Users\kims\freelec-springboot2-webservice)
2022-06-03 11:29:36.960  INFO 17156 --- [    Test worker] c.s.b.s.web.IndexControllerTest          : No active profile set, falling back to default profiles: default
2022-06-03 11:29:37.600  INFO 17156 --- [    Test worker] .s.d.r.c.RepositoryConfigurationDelegate : Bootstrapping Spring Data repositories in DEFAULT mode.
2022-06-03 11:29:37.694  INFO 17156 --- [    Test worker] .s.d.r.c.RepositoryConfigurationDelegate : Finished Spring Data repository scanning in 94ms. Found 2 repository interfaces.
2022-06-03 11:29:37.929  INFO 17156 --- [    Test worker] trationDelegate$BeanPostProcessorChecker : Bean 'org.springframework.transaction.annotation.ProxyTransactionManagementConfiguration' of type [org.springframework.transaction.annotation.ProxyTransactionManagementConfiguration$$EnhancerBySpringCGLIB$$b31ab02d] is not eligible for getting processed by all BeanPostProcessors (for example: not eligible for auto-proxying)
2022-06-03 11:29:38.600  INFO 17156 --- [    Test worker] o.s.b.w.embedded.tomcat.TomcatWebServer  : Tomcat initialized with port(s): 0 (http)
2022-06-03 11:29:38.679  INFO 17156 --- [    Test worker] o.apache.catalina.core.StandardService   : Starting service [Tomcat]
2022-06-03 11:29:38.679  INFO 17156 --- [    Test worker] org.apache.catalina.core.StandardEngine  : Starting Servlet engine: [Apache Tomcat/9.0.26]
2022-06-03 11:29:39.069  INFO 17156 --- [    Test worker] o.a.c.c.C.[Tomcat].[localhost].[/]       : Initializing Spring embedded WebApplicationContext
2022-06-03 11:29:39.069  INFO 17156 --- [    Test worker] o.s.web.context.ContextLoader            : Root WebApplicationContext: initialization completed in 2094 ms
2022-06-03 11:29:39.444  INFO 17156 --- [    Test worker] com.zaxxer.hikari.HikariDataSource       : HikariPool-2 - Starting...
2022-06-03 11:29:39.444  INFO 17156 --- [    Test worker] com.zaxxer.hikari.HikariDataSource       : HikariPool-2 - Start completed.
2022-06-03 11:29:39.554  INFO 17156 --- [    Test worker] o.hibernate.jpa.internal.util.LogHelper  : HHH000204: Processing PersistenceUnitInfo [
	name: default
	...]
2022-06-03 11:29:39.600  INFO 17156 --- [    Test worker] org.hibernate.dialect.Dialect            : HHH000400: Using dialect: org.hibernate.dialect.MySQL5InnoDBDialect
Hibernate: drop table if exists posts
Hibernate: drop table if exists user
Hibernate: create table posts (id bigint not null auto_increment, created_date datetime, modified_date datetime, author varchar(255), content TEXT not null, title varchar(500) not null, primary key (id)) engine=InnoDB
Hibernate: create table user (id bigint not null auto_increment, created_date datetime, modified_date datetime, email varchar(255) not null, name varchar(255) not null, picture varchar(255), role varchar(255) not null, primary key (id)) engine=InnoDB
2022-06-03 11:29:39.741  INFO 17156 --- [    Test worker] o.h.t.schema.internal.SchemaCreatorImpl  : HHH000476: Executing import script 'org.hibernate.tool.schema.internal.exec.ScriptSourceInputNonExistentImpl@370fd29'
2022-06-03 11:29:39.741  INFO 17156 --- [    Test worker] j.LocalContainerEntityManagerFactoryBean : Initialized JPA EntityManagerFactory for persistence unit 'default'
2022-06-03 11:29:40.460  INFO 17156 --- [    Test worker] o.h.h.i.QueryTranslatorFactoryInitiator  : HHH000397: Using ASTQueryTranslatorFactory
2022-06-03 11:29:40.882  INFO 17156 --- [    Test worker] o.s.s.web.DefaultSecurityFilterChain     : Creating filter chain: any request, [org.springframework.security.web.context.request.async.WebAsyncManagerIntegrationFilter@2d793c08, org.springframework.security.web.context.SecurityContextPersistenceFilter@68a60ca9, org.springframework.security.web.header.HeaderWriterFilter@415f307e, org.springframework.security.web.authentication.logout.LogoutFilter@24205a68, org.springframework.security.oauth2.client.web.OAuth2AuthorizationRequestRedirectFilter@1cb52e3c, org.springframework.security.oauth2.client.web.OAuth2LoginAuthenticationFilter@5b8fd887, org.springframework.security.web.authentication.ui.DefaultLoginPageGeneratingFilter@7cbbd212, org.springframework.security.web.authentication.ui.DefaultLogoutPageGeneratingFilter@36b6c2dd, org.springframework.security.web.savedrequest.RequestCacheAwareFilter@8cfa67e, org.springframework.security.web.servletapi.SecurityContextHolderAwareRequestFilter@302babd9, org.springframework.security.web.authentication.AnonymousAuthenticationFilter@3c7cef9, org.springframework.security.web.session.SessionManagementFilter@5283dbfd, org.springframework.security.web.access.ExceptionTranslationFilter@12be46ed, org.springframework.security.web.access.intercept.FilterSecurityInterceptor@4fea97c5]
2022-06-03 11:29:41.350  INFO 17156 --- [    Test worker] o.s.s.concurrent.ThreadPoolTaskExecutor  : Initializing ExecutorService 'applicationTaskExecutor'
2022-06-03 11:29:41.382  WARN 17156 --- [    Test worker] aWebConfiguration$JpaWebMvcConfiguration : spring.jpa.open-in-view is enabled by default. Therefore, database queries may be performed during view rendering. Explicitly configure spring.jpa.open-in-view to disable this warning
2022-06-03 11:29:41.460  INFO 17156 --- [    Test worker] o.s.b.a.w.s.WelcomePageHandlerMapping    : Adding welcome page template: index
2022-06-03 11:29:42.116  INFO 17156 --- [    Test worker] s.a.ScheduledAnnotationBeanPostProcessor : No TaskScheduler/ScheduledExecutorService bean found for scheduled processing
2022-06-03 11:29:42.147  INFO 17156 --- [    Test worker] o.s.b.w.embedded.tomcat.TomcatWebServer  : Tomcat started on port(s): 57640 (http) with context path ''
2022-06-03 11:29:42.147  INFO 17156 --- [    Test worker] c.s.b.s.web.IndexControllerTest          : Started IndexControllerTest in 5.297 seconds (JVM running for 28.638)
2022-06-03 11:29:42.335  INFO 17156 --- [o-auto-1-exec-1] o.a.c.c.C.[Tomcat].[localhost].[/]       : Initializing Spring DispatcherServlet 'dispatcherServlet'
2022-06-03 11:29:42.335  INFO 17156 --- [o-auto-1-exec-1] o.s.web.servlet.DispatcherServlet        : Initializing Servlet 'dispatcherServlet'
2022-06-03 11:29:42.366  INFO 17156 --- [o-auto-1-exec-1] o.s.web.servlet.DispatcherServlet        : Completed initialization in 31 ms
Hibernate: select posts0_.id as id1_0_, posts0_.created_date as created_2_0_, posts0_.modified_date as modified3_0_, posts0_.author as author4_0_, posts0_.content as content5_0_, posts0_.title as title6_0_ from posts posts0_ order by posts0_.id DESC
]]></system-out>
  <system-err><![CDATA[]]></system-err>
</testsuite>
