<?xml version="1.0" encoding="UTF-8"?>
<testsuite name="com.sangjin.book.springboot.domain.posts.PostsRepositoryTest" tests="2" skipped="0" failures="0" errors="0" timestamp="2022-06-03T02:29:36" hostname="PCNC1" time="0.492">
  <properties/>
  <testcase name="게시글저장_불러오기" classname="com.sangjin.book.springboot.domain.posts.PostsRepositoryTest" time="0.471"/>
  <testcase name="BaseTimeEntity_등록" classname="com.sangjin.book.springboot.domain.posts.PostsRepositoryTest" time="0.02"/>
  <system-out><![CDATA[2022-06-03 11:29:25.043  INFO 17156 --- [    Test worker] .b.t.c.SpringBootTestContextBootstrapper : Neither @ContextConfiguration nor @ContextHierarchy found for test class [com.sangjin.book.springboot.domain.posts.PostsRepositoryTest], using SpringBootContextLoader
2022-06-03 11:29:25.043  INFO 17156 --- [    Test worker] o.s.t.c.support.AbstractContextLoader    : Could not detect default resource locations for test class [com.sangjin.book.springboot.domain.posts.PostsRepositoryTest]: no resource found for suffixes {-context.xml, Context.groovy}.
2022-06-03 11:29:25.043  INFO 17156 --- [    Test worker] t.c.s.AnnotationConfigContextLoaderUtils : Could not detect default configuration classes for test class [com.sangjin.book.springboot.domain.posts.PostsRepositoryTest]: PostsRepositoryTest does not declare any static, non-private, non-final, nested classes annotated with @Configuration.
2022-06-03 11:29:25.074  INFO 17156 --- [    Test worker] .b.t.c.SpringBootTestContextBootstrapper : Found @SpringBootConfiguration com.sangjin.book.springboot.Application for test class com.sangjin.book.springboot.domain.posts.PostsRepositoryTest
2022-06-03 11:29:25.074  INFO 17156 --- [    Test worker] .b.t.c.SpringBootTestContextBootstrapper : Loaded default TestExecutionListener class names from location [META-INF/spring.factories]: [org.springframework.security.test.context.support.WithSecurityContextTestExecutionListener, org.springframework.security.test.context.support.ReactorContextTestExecutionListener, org.springframework.boot.test.autoconfigure.restdocs.RestDocsTestExecutionListener, org.springframework.boot.test.autoconfigure.web.client.MockRestServiceServerResetTestExecutionListener, org.springframework.boot.test.autoconfigure.web.servlet.MockMvcPrintOnlyOnFailureTestExecutionListener, org.springframework.boot.test.autoconfigure.web.servlet.WebDriverTestExecutionListener, org.springframework.boot.test.mock.mockito.MockitoTestExecutionListener, org.springframework.boot.test.mock.mockito.ResetMocksTestExecutionListener, org.springframework.test.context.web.ServletTestExecutionListener, org.springframework.test.context.support.DirtiesContextBeforeModesTestExecutionListener, org.springframework.test.context.support.DependencyInjectionTestExecutionListener, org.springframework.test.context.support.DirtiesContextTestExecutionListener, org.springframework.test.context.transaction.TransactionalTestExecutionListener, org.springframework.test.context.jdbc.SqlScriptsTestExecutionListener]
2022-06-03 11:29:25.090  INFO 17156 --- [    Test worker] .b.t.c.SpringBootTestContextBootstrapper : Using TestExecutionListeners: [org.springframework.test.context.web.ServletTestExecutionListener@47051b50, org.springframework.test.context.support.DirtiesContextBeforeModesTestExecutionListener@3ca23f62, org.springframework.boot.test.mock.mockito.MockitoTestExecutionListener@30286a6b, org.springframework.boot.test.autoconfigure.SpringBootDependencyInjectionTestExecutionListener@70c9b9df, org.springframework.test.context.support.DirtiesContextTestExecutionListener@1f79e30d, org.springframework.test.context.transaction.TransactionalTestExecutionListener@328d86af, org.springframework.test.context.jdbc.SqlScriptsTestExecutionListener@4105c9a7, org.springframework.security.test.context.support.WithSecurityContextTestExecutionListener@7cbf9719, org.springframework.security.test.context.support.ReactorContextTestExecutionListener@2c8e7208, org.springframework.boot.test.autoconfigure.restdocs.RestDocsTestExecutionListener@726831c8, org.springframework.boot.test.autoconfigure.web.client.MockRestServiceServerResetTestExecutionListener@1dcf86d3, org.springframework.boot.test.autoconfigure.web.servlet.MockMvcPrintOnlyOnFailureTestExecutionListener@1d48cd2c, org.springframework.boot.test.autoconfigure.web.servlet.WebDriverTestExecutionListener@4209e2bf, org.springframework.boot.test.mock.mockito.ResetMocksTestExecutionListener@71dc7d47]

  .   ____          _            __ _ _
 /\\ / ___'_ __ _ _(_)_ __  __ _ \ \ \ \
( ( )\___ | '_ | '_| | '_ \/ _` | \ \ \ \
 \\/  ___)| |_)| | | | | || (_| |  ) ) ) )
  '  |____| .__|_| |_|_| |_\__, | / / / /
 =========|_|==============|___/=/_/_/_/
 :: Spring Boot ::        (v2.1.9.RELEASE)

2022-06-03 11:29:25.183  INFO 17156 --- [    Test worker] c.s.b.s.d.posts.PostsRepositoryTest      : Starting PostsRepositoryTest on PCNC1 with PID 17156 (started by kims in C:\Users\kims\freelec-springboot2-webservice)
2022-06-03 11:29:25.183  INFO 17156 --- [    Test worker] c.s.b.s.d.posts.PostsRepositoryTest      : No active profile set, falling back to default profiles: default
2022-06-03 11:29:26.215  INFO 17156 --- [    Test worker] .s.d.r.c.RepositoryConfigurationDelegate : Bootstrapping Spring Data repositories in DEFAULT mode.
2022-06-03 11:29:26.433  INFO 17156 --- [    Test worker] .s.d.r.c.RepositoryConfigurationDelegate : Finished Spring Data repository scanning in 187ms. Found 2 repository interfaces.
2022-06-03 11:29:27.059  INFO 17156 --- [    Test worker] trationDelegate$BeanPostProcessorChecker : Bean 'org.springframework.transaction.annotation.ProxyTransactionManagementConfiguration' of type [org.springframework.transaction.annotation.ProxyTransactionManagementConfiguration$$EnhancerBySpringCGLIB$$b31ab02d] is not eligible for getting processed by all BeanPostProcessors (for example: not eligible for auto-proxying)
2022-06-03 11:29:27.434  INFO 17156 --- [    Test worker] com.zaxxer.hikari.HikariDataSource       : HikariPool-1 - Starting...
2022-06-03 11:29:28.148  INFO 17156 --- [    Test worker] com.zaxxer.hikari.HikariDataSource       : HikariPool-1 - Start completed.
2022-06-03 11:29:28.570  INFO 17156 --- [    Test worker] o.hibernate.jpa.internal.util.LogHelper  : HHH000204: Processing PersistenceUnitInfo [
	name: default
	...]
2022-06-03 11:29:28.835  INFO 17156 --- [    Test worker] org.hibernate.Version                    : HHH000412: Hibernate Core {5.3.12.Final}
2022-06-03 11:29:28.851  INFO 17156 --- [    Test worker] org.hibernate.cfg.Environment            : HHH000206: hibernate.properties not found
2022-06-03 11:29:29.038  INFO 17156 --- [    Test worker] o.hibernate.annotations.common.Version   : HCANN000001: Hibernate Commons Annotations {5.0.4.Final}
2022-06-03 11:29:29.570  INFO 17156 --- [    Test worker] org.hibernate.dialect.Dialect            : HHH000400: Using dialect: org.hibernate.dialect.MySQL5InnoDBDialect
Hibernate: drop table if exists posts
Hibernate: drop table if exists user
Hibernate: create table posts (id bigint not null auto_increment, created_date datetime, modified_date datetime, author varchar(255), content TEXT not null, title varchar(500) not null, primary key (id)) engine=InnoDB
Hibernate: create table user (id bigint not null auto_increment, created_date datetime, modified_date datetime, email varchar(255) not null, name varchar(255) not null, picture varchar(255), role varchar(255) not null, primary key (id)) engine=InnoDB
2022-06-03 11:29:31.496  INFO 17156 --- [    Test worker] o.h.t.schema.internal.SchemaCreatorImpl  : HHH000476: Executing import script 'org.hibernate.tool.schema.internal.exec.ScriptSourceInputNonExistentImpl@370fd29'
2022-06-03 11:29:31.496  INFO 17156 --- [    Test worker] j.LocalContainerEntityManagerFactoryBean : Initialized JPA EntityManagerFactory for persistence unit 'default'
2022-06-03 11:29:32.800  INFO 17156 --- [    Test worker] o.h.h.i.QueryTranslatorFactoryInitiator  : HHH000397: Using ASTQueryTranslatorFactory
2022-06-03 11:29:33.784  INFO 17156 --- [    Test worker] o.s.s.web.DefaultSecurityFilterChain     : Creating filter chain: any request, [org.springframework.security.web.context.request.async.WebAsyncManagerIntegrationFilter@640ce21b, org.springframework.security.web.context.SecurityContextPersistenceFilter@700a43fd, org.springframework.security.web.header.HeaderWriterFilter@1b53c29d, org.springframework.security.web.authentication.logout.LogoutFilter@375c2d32, org.springframework.security.oauth2.client.web.OAuth2AuthorizationRequestRedirectFilter@4d05d10d, org.springframework.security.oauth2.client.web.OAuth2LoginAuthenticationFilter@7a968a9c, org.springframework.security.web.authentication.ui.DefaultLoginPageGeneratingFilter@156b91c9, org.springframework.security.web.authentication.ui.DefaultLogoutPageGeneratingFilter@689f04ee, org.springframework.security.web.savedrequest.RequestCacheAwareFilter@1da58848, org.springframework.security.web.servletapi.SecurityContextHolderAwareRequestFilter@18e7e64b, org.springframework.security.web.authentication.AnonymousAuthenticationFilter@4805508f, org.springframework.security.web.session.SessionManagementFilter@58eaad6b, org.springframework.security.web.access.ExceptionTranslationFilter@113f9fb3, org.springframework.security.web.access.intercept.FilterSecurityInterceptor@656de7ec]
2022-06-03 11:29:34.991  INFO 17156 --- [    Test worker] o.s.s.concurrent.ThreadPoolTaskExecutor  : Initializing ExecutorService 'applicationTaskExecutor'
2022-06-03 11:29:35.038  WARN 17156 --- [    Test worker] aWebConfiguration$JpaWebMvcConfiguration : spring.jpa.open-in-view is enabled by default. Therefore, database queries may be performed during view rendering. Explicitly configure spring.jpa.open-in-view to disable this warning
2022-06-03 11:29:35.132  INFO 17156 --- [    Test worker] o.s.b.a.w.s.WelcomePageHandlerMapping    : Adding welcome page template: index
2022-06-03 11:29:36.304  INFO 17156 --- [    Test worker] s.a.ScheduledAnnotationBeanPostProcessor : No TaskScheduler/ScheduledExecutorService bean found for scheduled processing
2022-06-03 11:29:36.335  INFO 17156 --- [    Test worker] c.s.b.s.d.posts.PostsRepositoryTest      : Started PostsRepositoryTest in 11.245 seconds (JVM running for 22.813)
Hibernate: insert into posts (created_date, modified_date, author, content, title) values (?, ?, ?, ?, ?)
Hibernate: select posts0_.id as id1_0_, posts0_.created_date as created_2_0_, posts0_.modified_date as modified3_0_, posts0_.author as author4_0_, posts0_.content as content5_0_, posts0_.title as title6_0_ from posts posts0_
Hibernate: select posts0_.id as id1_0_, posts0_.created_date as created_2_0_, posts0_.modified_date as modified3_0_, posts0_.author as author4_0_, posts0_.content as content5_0_, posts0_.title as title6_0_ from posts posts0_
Hibernate: delete from posts where id=?
Hibernate: insert into posts (created_date, modified_date, author, content, title) values (?, ?, ?, ?, ?)
Hibernate: select posts0_.id as id1_0_, posts0_.created_date as created_2_0_, posts0_.modified_date as modified3_0_, posts0_.author as author4_0_, posts0_.content as content5_0_, posts0_.title as title6_0_ from posts posts0_
>>>>>>>>>> createDate=2022-06-03T11:29:36.804013, modifiedDate=2022-06-03T11:29:36.804013
Hibernate: select posts0_.id as id1_0_, posts0_.created_date as created_2_0_, posts0_.modified_date as modified3_0_, posts0_.author as author4_0_, posts0_.content as content5_0_, posts0_.title as title6_0_ from posts posts0_
Hibernate: delete from posts where id=?
]]></system-out>
  <system-err><![CDATA[]]></system-err>
</testsuite>
