<?xml version="1.0" encoding="UTF-8"?>
<testsuite name="com.sangjin.book.springboot.web.IndexControllerTest" tests="1" skipped="0" failures="0" errors="0" timestamp="2022-05-31T09:29:13" hostname="PCNC1" time="0.518">
  <properties/>
  <testcase name="메인페이지_로딩" classname="com.sangjin.book.springboot.web.IndexControllerTest" time="0.518"/>
  <system-out><![CDATA[2022-05-31 18:29:13.392  INFO 18840 --- [    Test worker] .b.t.c.SpringBootTestContextBootstrapper : Neither @ContextConfiguration nor @ContextHierarchy found for test class [com.sangjin.book.springboot.web.IndexControllerTest], using SpringBootContextLoader
2022-05-31 18:29:13.394  INFO 18840 --- [    Test worker] o.s.t.c.support.AbstractContextLoader    : Could not detect default resource locations for test class [com.sangjin.book.springboot.web.IndexControllerTest]: no resource found for suffixes {-context.xml, Context.groovy}.
2022-05-31 18:29:13.394  INFO 18840 --- [    Test worker] t.c.s.AnnotationConfigContextLoaderUtils : Could not detect default configuration classes for test class [com.sangjin.book.springboot.web.IndexControllerTest]: IndexControllerTest does not declare any static, non-private, non-final, nested classes annotated with @Configuration.
2022-05-31 18:29:13.398  INFO 18840 --- [    Test worker] .b.t.c.SpringBootTestContextBootstrapper : Found @SpringBootConfiguration com.sangjin.book.springboot.Application for test class com.sangjin.book.springboot.web.IndexControllerTest
2022-05-31 18:29:13.402  INFO 18840 --- [    Test worker] .b.t.c.SpringBootTestContextBootstrapper : Loaded default TestExecutionListener class names from location [META-INF/spring.factories]: [org.springframework.security.test.context.support.WithSecurityContextTestExecutionListener, org.springframework.security.test.context.support.ReactorContextTestExecutionListener, org.springframework.boot.test.autoconfigure.restdocs.RestDocsTestExecutionListener, org.springframework.boot.test.autoconfigure.web.client.MockRestServiceServerResetTestExecutionListener, org.springframework.boot.test.autoconfigure.web.servlet.MockMvcPrintOnlyOnFailureTestExecutionListener, org.springframework.boot.test.autoconfigure.web.servlet.WebDriverTestExecutionListener, org.springframework.boot.test.mock.mockito.MockitoTestExecutionListener, org.springframework.boot.test.mock.mockito.ResetMocksTestExecutionListener, org.springframework.test.context.web.ServletTestExecutionListener, org.springframework.test.context.support.DirtiesContextBeforeModesTestExecutionListener, org.springframework.test.context.support.DependencyInjectionTestExecutionListener, org.springframework.test.context.support.DirtiesContextTestExecutionListener, org.springframework.test.context.transaction.TransactionalTestExecutionListener, org.springframework.test.context.jdbc.SqlScriptsTestExecutionListener]
2022-05-31 18:29:13.404  INFO 18840 --- [    Test worker] .b.t.c.SpringBootTestContextBootstrapper : Using TestExecutionListeners: [org.springframework.test.context.web.ServletTestExecutionListener@7190e711, org.springframework.test.context.support.DirtiesContextBeforeModesTestExecutionListener@6ef38894, org.springframework.boot.test.mock.mockito.MockitoTestExecutionListener@2a892059, org.springframework.boot.test.autoconfigure.SpringBootDependencyInjectionTestExecutionListener@fa4f1cb, org.springframework.test.context.support.DirtiesContextTestExecutionListener@79fa3741, org.springframework.test.context.transaction.TransactionalTestExecutionListener@b3fb7c2, org.springframework.test.context.jdbc.SqlScriptsTestExecutionListener@6857c514, org.springframework.security.test.context.support.WithSecurityContextTestExecutionListener@40554b7c, org.springframework.security.test.context.support.ReactorContextTestExecutionListener@683d3c08, org.springframework.boot.test.autoconfigure.restdocs.RestDocsTestExecutionListener@1eca176a, org.springframework.boot.test.autoconfigure.web.client.MockRestServiceServerResetTestExecutionListener@48630ec2, org.springframework.boot.test.autoconfigure.web.servlet.MockMvcPrintOnlyOnFailureTestExecutionListener@2287b219, org.springframework.boot.test.autoconfigure.web.servlet.WebDriverTestExecutionListener@23db173d, org.springframework.boot.test.mock.mockito.ResetMocksTestExecutionListener@6de4356b]
2022-05-31 18:29:13.637  INFO 18840 --- [o-auto-1-exec-1] o.a.c.c.C.[Tomcat].[localhost].[/]       : Initializing Spring DispatcherServlet 'dispatcherServlet'
2022-05-31 18:29:13.638  INFO 18840 --- [o-auto-1-exec-1] o.s.web.servlet.DispatcherServlet        : Initializing Servlet 'dispatcherServlet'
2022-05-31 18:29:13.684  INFO 18840 --- [o-auto-1-exec-1] o.s.web.servlet.DispatcherServlet        : Completed initialization in 46 ms
Hibernate: select posts0_.id as id1_0_, posts0_.created_date as created_2_0_, posts0_.modified_date as modified3_0_, posts0_.author as author4_0_, posts0_.content as content5_0_, posts0_.title as title6_0_ from posts posts0_ order by posts0_.id DESC
]]></system-out>
  <system-err><![CDATA[]]></system-err>
</testsuite>
